Arguments: 
  /Users/rockyrocky/.nvm/versions/node/v16.20.0/bin/node /Users/rockyrocky/.nvm/versions/node/v16.20.0/bin/yarn add easydict

PATH: 
  /Users/rockyrocky/.nvm/versions/node/v16.20.0/bin:/opt/homebrew/bin:/opt/homebrew/sbin:/usr/local/bin:/System/Cryptexes/App/usr/bin:/usr/bin:/bin:/usr/sbin:/sbin:/Users/rockyrocky/.cargo/bin

Yarn version: 
  1.22.19

Node version: 
  16.20.0

Platform: 
  darwin arm64

Trace: 
  Error: https://registry.yarnpkg.com/easydict: Not found
      at Request.params.callback [as _callback] (/Users/rockyrocky/.nvm/versions/node/v16.20.0/lib/node_modules/yarn/lib/cli.js:66145:18)
      at Request.self.callback (/Users/rockyrocky/.nvm/versions/node/v16.20.0/lib/node_modules/yarn/lib/cli.js:140890:22)
      at Request.emit (node:events:513:28)
      at Request.<anonymous> (/Users/rockyrocky/.nvm/versions/node/v16.20.0/lib/node_modules/yarn/lib/cli.js:141862:10)
      at Request.emit (node:events:513:28)
      at IncomingMessage.<anonymous> (/Users/rockyrocky/.nvm/versions/node/v16.20.0/lib/node_modules/yarn/lib/cli.js:141784:12)
      at Object.onceWrapper (node:events:627:28)
      at IncomingMessage.emit (node:events:525:35)
      at endReadableNT (node:internal/streams/readable:1358:12)
      at processTicksAndRejections (node:internal/process/task_queues:83:21)

npm manifest: 
  No manifest

yarn manifest: 
  No manifest

Lockfile: 
  No lockfile
